# JRE version: Java(TM) SE Runtime Environment (20.0.1+9) (build 20.0.1+9-29)
# Java VM: Java HotSpot(TM) 64-Bit Server VM (20.0.1+9-29, mixed mode, emulated-client, sharing, tiered, compressed oops, compressed class ptrs, g1 gc, windows-amd64)
GC Precious Log:
 CardTable entry size: 512
 Card Set container configuration: InlinePtr #cards 4 size 8 Array Of Cards #cards 32 size 80 Howl #buckets 8 coarsen threshold 7372 Howl Bitmap #cards 1024 size 144 coarsen threshold 921 Card regions per heap region 1 cards per card region 8192
 CPUs: 8 total, 8 available
 Memory: 24478M
 Large Page Support: Disabled
 NUMA Support: Disabled
 Compressed Oops: Enabled (Zero based)
 Heap Region Size: 4M
 Heap Min Capacity: 8M
 Heap Initial Capacity: 384M
 Heap Max Capacity: 6120M
 Pre-touch: Disabled
 Parallel Workers: 8
 Concurrent Workers: 2
 Concurrent Refinement Workers: 8
 Periodic GC: Disabled
Heap:
 garbage-first heap   total 69632K, used 34679K [0x0000000681800000, 0x0000000800000000)
  region size 4096K, 5 young (20480K), 1 survivors (4096K)
 Metaspace       used 62373K, committed 63104K, reserved 1114112K
  class space    used 8660K, committed 8960K, reserved 1048576K
GC Heap History (20 events):
Event: 4.202 GC heap before
{Heap before GC invocations=0 (full 0):
 garbage-first heap   total 393216K, used 16384K [0x0000000681800000, 0x0000000800000000)
  region size 4096K, 5 young (20480K), 0 survivors (0K)
 Metaspace       used 6184K, committed 6400K, reserved 1114112K
  class space    used 731K, committed 832K, reserved 1048576K
}
Event: 4.226 GC heap after
{Heap after GC invocations=1 (full 0):
 garbage-first heap   total 393216K, used 6640K [0x0000000681800000, 0x0000000800000000)
  region size 4096K, 1 young (4096K), 1 survivors (4096K)
 Metaspace       used 6184K, committed 6400K, reserved 1114112K
  class space    used 731K, committed 832K, reserved 1048576K
}
Event: 6.072 GC heap before
{Heap before GC invocations=1 (full 0):
 garbage-first heap   total 393216K, used 23024K [0x0000000681800000, 0x0000000800000000)
  region size 4096K, 5 young (20480K), 1 survivors (4096K)
 Metaspace       used 10181K, committed 10496K, reserved 1114112K
  class space    used 1320K, committed 1472K, reserved 1048576K
}
Event: 6.085 GC heap after
{Heap after GC invocations=2 (full 0):
 garbage-first heap   total 393216K, used 8451K [0x0000000681800000, 0x0000000800000000)
  region size 4096K, 1 young (4096K), 1 survivors (4096K)
 Metaspace       used 10181K, committed 10496K, reserved 1114112K
  class space    used 1320K, committed 1472K, reserved 1048576K
}
Event: 9.173 GC heap before
{Heap before GC invocations=2 (full 0):
 garbage-first heap   total 393216K, used 53507K [0x0000000681800000, 0x0000000800000000)
  region size 4096K, 14 young (57344K), 1 survivors (4096K)
 Metaspace       used 20044K, committed 20480K, reserved 1114112K
  class space    used 2616K, committed 2816K, reserved 1048576K
}
Event: 9.189 GC heap after
{Heap after GC invocations=3 (full 0):
 garbage-first heap   total 393216K, used 12381K [0x0000000681800000, 0x0000000800000000)
  region size 4096K, 2 young (8192K), 2 survivors (8192K)
 Metaspace       used 20044K, committed 20480K, reserved 1114112K
  class space    used 2616K, committed 2816K, reserved 1048576K
}
Event: 12.253 GC heap before
{Heap before GC invocations=4 (full 0):
 garbage-first heap   total 69632K, used 45149K [0x0000000681800000, 0x0000000800000000)
  region size 4096K, 10 young (40960K), 2 survivors (8192K)
 Metaspace       used 24285K, committed 24832K, reserved 1114112K
  class space    used 3278K, committed 3520K, reserved 1048576K
}
Event: 12.279 GC heap after
{Heap after GC invocations=5 (full 0):
 garbage-first heap   total 69632K, used 14463K [0x0000000681800000, 0x0000000800000000)
  region size 4096K, 2 young (8192K), 2 survivors (8192K)
 Metaspace       used 24285K, committed 24832K, reserved 1114112K
  class space    used 3278K, committed 3520K, reserved 1048576K
}
Event: 14.925 GC heap before
{Heap before GC invocations=5 (full 0):
 garbage-first heap   total 69632K, used 47231K [0x0000000681800000, 0x0000000800000000)
  region size 4096K, 10 young (40960K), 2 survivors (8192K)
 Metaspace       used 30397K, committed 30976K, reserved 1114112K
  class space    used 4111K, committed 4352K, reserved 1048576K
}
Event: 14.951 GC heap after
{Heap after GC invocations=6 (full 0):
 garbage-first heap   total 69632K, used 17520K [0x0000000681800000, 0x0000000800000000)
  region size 4096K, 2 young (8192K), 2 survivors (8192K)
 Metaspace       used 30397K, committed 30976K, reserved 1114112K
  class space    used 4111K, committed 4352K, reserved 1048576K
}
Event: 16.760 GC heap before
{Heap before GC invocations=6 (full 0):
 garbage-first heap   total 69632K, used 29808K [0x0000000681800000, 0x0000000800000000)
  region size 4096K, 6 young (24576K), 2 survivors (8192K)
 Metaspace       used 33582K, committed 34176K, reserved 1114112K
  class space    used 4577K, committed 4864K, reserved 1048576K
}
Event: 16.805 GC heap after
{Heap after GC invocations=7 (full 0):
 garbage-first heap   total 69632K, used 18015K [0x0000000681800000, 0x0000000800000000)
  region size 4096K, 1 young (4096K), 1 survivors (4096K)
 Metaspace       used 33582K, committed 34176K, reserved 1114112K
  class space    used 4577K, committed 4864K, reserved 1048576K
}
Event: 21.067 GC heap before
{Heap before GC invocations=8 (full 0):
 garbage-first heap   total 69632K, used 54879K [0x0000000681800000, 0x0000000800000000)
  region size 4096K, 10 young (40960K), 1 survivors (4096K)
 Metaspace       used 45108K, committed 45696K, reserved 1114112K
  class space    used 6095K, committed 6336K, reserved 1048576K
}
Event: 21.083 GC heap after
{Heap after GC invocations=9 (full 0):
 garbage-first heap   total 69632K, used 21173K [0x0000000681800000, 0x0000000800000000)
  region size 4096K, 2 young (8192K), 2 survivors (8192K)
 Metaspace       used 45108K, committed 45696K, reserved 1114112K
  class space    used 6095K, committed 6336K, reserved 1048576K
}
Event: 23.062 GC heap before
{Heap before GC invocations=9 (full 0):
 garbage-first heap   total 69632K, used 49845K [0x0000000681800000, 0x0000000800000000)
  region size 4096K, 10 young (40960K), 2 survivors (8192K)
 Metaspace       used 54281K, committed 54912K, reserved 1114112K
  class space    used 7542K, committed 7808K, reserved 1048576K
}
Event: 23.079 GC heap after
{Heap after GC invocations=10 (full 0):
 garbage-first heap   total 69632K, used 22549K [0x0000000681800000, 0x0000000800000000)
  region size 4096K, 2 young (8192K), 2 survivors (8192K)
 Metaspace       used 54281K, committed 54912K, reserved 1114112K
  class space    used 7542K, committed 7808K, reserved 1048576K
}
Event: 24.094 GC heap before
{Heap before GC invocations=10 (full 0):
 garbage-first heap   total 69632K, used 30741K [0x0000000681800000, 0x0000000800000000)
  region size 4096K, 5 young (20480K), 2 survivors (8192K)
 Metaspace       used 56415K, committed 57088K, reserved 1114112K
  class space    used 7798K, committed 8128K, reserved 1048576K
}
Event: 24.110 GC heap after
{Heap after GC invocations=11 (full 0):
 garbage-first heap   total 69632K, used 23987K [0x0000000681800000, 0x0000000800000000)
  region size 4096K, 1 young (4096K), 1 survivors (4096K)
 Metaspace       used 56415K, committed 57088K, reserved 1114112K
  class space    used 7798K, committed 8128K, reserved 1048576K
}
Event: 26.268 GC heap before
{Heap before GC invocations=12 (full 0):
 garbage-first heap   total 69632K, used 52659K [0x0000000681800000, 0x0000000800000000)
  region size 4096K, 8 young (32768K), 1 survivors (4096K)
 Metaspace       used 59667K, committed 60352K, reserved 1114112K
  class space    used 8322K, committed 8640K, reserved 1048576K
}
Event: 26.282 GC heap after
{Heap after GC invocations=13 (full 0):
 garbage-first heap   total 69632K, used 26487K [0x0000000681800000, 0x0000000800000000)
  region size 4096K, 1 young (4096K), 1 survivors (4096K)
 Metaspace       used 59667K, committed 60352K, reserved 1114112K
  class space    used 8322K, committed 8640K, reserved 1048576K
}

